mode: count
github.com/dangxnguyen/CSCE4600/main.go:15.13,18.2 2 0
github.com/dangxnguyen/CSCE4600/main.go:20.66,26.6 2 2
github.com/dangxnguyen/CSCE4600/main.go:26.6,27.10 1 935
github.com/dangxnguyen/CSCE4600/main.go:28.15,30.10 2 2
github.com/dangxnguyen/CSCE4600/main.go:31.11,32.41 1 933
github.com/dangxnguyen/CSCE4600/main.go:32.41,34.13 2 0
github.com/dangxnguyen/CSCE4600/main.go:36.4,36.58 1 933
github.com/dangxnguyen/CSCE4600/main.go:36.58,38.13 2 932
github.com/dangxnguyen/CSCE4600/main.go:40.4,40.53 1 1
github.com/dangxnguyen/CSCE4600/main.go:40.53,42.5 1 0
github.com/dangxnguyen/CSCE4600/main.go:47.37,51.16 2 933
github.com/dangxnguyen/CSCE4600/main.go:51.16,53.3 1 0
github.com/dangxnguyen/CSCE4600/main.go:55.2,56.16 2 933
github.com/dangxnguyen/CSCE4600/main.go:56.16,58.3 1 0
github.com/dangxnguyen/CSCE4600/main.go:61.2,63.12 2 933
github.com/dangxnguyen/CSCE4600/main.go:66.73,75.54 4 9
github.com/dangxnguyen/CSCE4600/main.go:75.54,77.3 1 0
github.com/dangxnguyen/CSCE4600/main.go:81.2,81.14 1 9
github.com/dangxnguyen/CSCE4600/main.go:82.12,83.43 1 1
github.com/dangxnguyen/CSCE4600/main.go:84.13,85.51 1 1
github.com/dangxnguyen/CSCE4600/main.go:86.14,87.35 1 1
github.com/dangxnguyen/CSCE4600/main.go:88.14,89.28 1 1
github.com/dangxnguyen/CSCE4600/main.go:90.17,91.32 1 1
github.com/dangxnguyen/CSCE4600/main.go:92.13,93.42 1 1
github.com/dangxnguyen/CSCE4600/main.go:94.16,95.34 1 1
github.com/dangxnguyen/CSCE4600/main.go:96.14,98.13 2 2
github.com/dangxnguyen/CSCE4600/main.go:101.2,101.38 1 1
github.com/dangxnguyen/CSCE4600/main.go:104.55,114.2 4 3
github.com/dangxnguyen/CSCE4600/builtins/cd.go:14.44,15.19 1 1
github.com/dangxnguyen/CSCE4600/builtins/cd.go:16.9,17.20 1 0
github.com/dangxnguyen/CSCE4600/builtins/cd.go:17.20,19.4 1 0
github.com/dangxnguyen/CSCE4600/builtins/cd.go:20.3,20.27 1 0
github.com/dangxnguyen/CSCE4600/builtins/cd.go:21.9,22.27 1 1
github.com/dangxnguyen/CSCE4600/builtins/cd.go:23.10,24.90 1 0
github.com/dangxnguyen/CSCE4600/builtins/echo.go:9.46,13.2 3 1
github.com/dangxnguyen/CSCE4600/builtins/env.go:10.62,12.33 2 1
github.com/dangxnguyen/CSCE4600/builtins/env.go:12.33,13.22 1 0
github.com/dangxnguyen/CSCE4600/builtins/env.go:13.22,14.23 1 0
github.com/dangxnguyen/CSCE4600/builtins/env.go:14.23,16.5 1 0
github.com/dangxnguyen/CSCE4600/builtins/env.go:17.4,18.7 2 0
github.com/dangxnguyen/CSCE4600/builtins/env.go:22.2,23.35 2 1
github.com/dangxnguyen/CSCE4600/builtins/env.go:23.35,25.30 2 38
github.com/dangxnguyen/CSCE4600/builtins/env.go:25.30,26.37 1 0
github.com/dangxnguyen/CSCE4600/builtins/env.go:26.37,28.10 2 0
github.com/dangxnguyen/CSCE4600/builtins/env.go:31.3,31.11 1 38
github.com/dangxnguyen/CSCE4600/builtins/env.go:31.11,33.4 1 38
github.com/dangxnguyen/CSCE4600/builtins/env.go:36.2,38.12 2 1
github.com/dangxnguyen/CSCE4600/builtins/help.go:19.40,20.19 1 1
github.com/dangxnguyen/CSCE4600/builtins/help.go:20.19,21.46 1 0
github.com/dangxnguyen/CSCE4600/builtins/help.go:21.46,23.4 1 0
github.com/dangxnguyen/CSCE4600/builtins/help.go:23.9,25.4 1 0
github.com/dangxnguyen/CSCE4600/builtins/help.go:26.8,28.97 2 1
github.com/dangxnguyen/CSCE4600/builtins/help.go:28.97,29.43 1 8
github.com/dangxnguyen/CSCE4600/builtins/help.go:29.43,31.5 1 8
github.com/dangxnguyen/CSCE4600/builtins/history.go:13.42,15.16 2 9
github.com/dangxnguyen/CSCE4600/builtins/history.go:15.16,17.3 1 0
github.com/dangxnguyen/CSCE4600/builtins/history.go:18.2,20.62 2 9
github.com/dangxnguyen/CSCE4600/builtins/history.go:20.62,22.3 1 0
github.com/dangxnguyen/CSCE4600/builtins/history.go:24.2,24.12 1 9
github.com/dangxnguyen/CSCE4600/builtins/history.go:27.26,29.16 2 1
github.com/dangxnguyen/CSCE4600/builtins/history.go:29.16,31.3 1 0
github.com/dangxnguyen/CSCE4600/builtins/history.go:32.2,37.21 5 1
github.com/dangxnguyen/CSCE4600/builtins/history.go:37.21,40.3 2 28
github.com/dangxnguyen/CSCE4600/builtins/history.go:42.2,42.12 1 1
github.com/dangxnguyen/CSCE4600/builtins/pwd.go:8.36,10.16 2 1
github.com/dangxnguyen/CSCE4600/builtins/pwd.go:10.16,12.3 1 0
github.com/dangxnguyen/CSCE4600/builtins/pwd.go:13.2,14.12 2 1
github.com/dangxnguyen/CSCE4600/builtins/source.go:10.52,12.16 2 1
github.com/dangxnguyen/CSCE4600/builtins/source.go:12.16,14.3 1 1
github.com/dangxnguyen/CSCE4600/builtins/source.go:15.2,18.21 3 0
github.com/dangxnguyen/CSCE4600/builtins/source.go:18.21,21.20 3 0
github.com/dangxnguyen/CSCE4600/builtins/source.go:21.20,24.4 1 0
github.com/dangxnguyen/CSCE4600/builtins/source.go:25.3,25.27 1 0
github.com/dangxnguyen/CSCE4600/builtins/source.go:28.2,28.38 1 0
github.com/dangxnguyen/CSCE4600/builtins/source.go:28.38,30.3 1 0
github.com/dangxnguyen/CSCE4600/builtins/source.go:32.2,32.12 1 0
github.com/dangxnguyen/CSCE4600/builtins/cd.go:14.44,15.19 1 4
github.com/dangxnguyen/CSCE4600/builtins/cd.go:16.9,17.20 1 2
github.com/dangxnguyen/CSCE4600/builtins/cd.go:17.20,19.4 1 1
github.com/dangxnguyen/CSCE4600/builtins/cd.go:20.3,20.27 1 1
github.com/dangxnguyen/CSCE4600/builtins/cd.go:21.9,22.27 1 1
github.com/dangxnguyen/CSCE4600/builtins/cd.go:23.10,24.90 1 1
github.com/dangxnguyen/CSCE4600/builtins/echo.go:9.46,13.2 3 3
github.com/dangxnguyen/CSCE4600/builtins/env.go:10.62,12.33 2 3
github.com/dangxnguyen/CSCE4600/builtins/env.go:12.33,13.22 1 3
github.com/dangxnguyen/CSCE4600/builtins/env.go:13.22,14.23 1 3
github.com/dangxnguyen/CSCE4600/builtins/env.go:14.23,16.5 1 1
github.com/dangxnguyen/CSCE4600/builtins/env.go:17.4,18.7 2 2
github.com/dangxnguyen/CSCE4600/builtins/env.go:22.2,23.35 2 2
github.com/dangxnguyen/CSCE4600/builtins/env.go:23.35,25.30 2 80
github.com/dangxnguyen/CSCE4600/builtins/env.go:25.30,26.37 1 81
github.com/dangxnguyen/CSCE4600/builtins/env.go:26.37,28.10 2 2
github.com/dangxnguyen/CSCE4600/builtins/env.go:31.3,31.11 1 80
github.com/dangxnguyen/CSCE4600/builtins/env.go:31.11,33.4 1 78
github.com/dangxnguyen/CSCE4600/builtins/env.go:36.2,38.12 2 2
github.com/dangxnguyen/CSCE4600/builtins/help.go:19.40,20.19 1 3
github.com/dangxnguyen/CSCE4600/builtins/help.go:20.19,21.46 1 2
github.com/dangxnguyen/CSCE4600/builtins/help.go:21.46,23.4 1 1
github.com/dangxnguyen/CSCE4600/builtins/help.go:23.9,25.4 1 1
github.com/dangxnguyen/CSCE4600/builtins/help.go:26.8,28.97 2 1
github.com/dangxnguyen/CSCE4600/builtins/help.go:28.97,29.43 1 8
github.com/dangxnguyen/CSCE4600/builtins/help.go:29.43,31.5 1 8
github.com/dangxnguyen/CSCE4600/builtins/history.go:13.42,15.16 2 3
github.com/dangxnguyen/CSCE4600/builtins/history.go:15.16,17.3 1 0
github.com/dangxnguyen/CSCE4600/builtins/history.go:18.2,20.62 2 3
github.com/dangxnguyen/CSCE4600/builtins/history.go:20.62,22.3 1 0
github.com/dangxnguyen/CSCE4600/builtins/history.go:24.2,24.12 1 3
github.com/dangxnguyen/CSCE4600/builtins/history.go:27.26,29.16 2 1
github.com/dangxnguyen/CSCE4600/builtins/history.go:29.16,31.3 1 0
github.com/dangxnguyen/CSCE4600/builtins/history.go:32.2,37.21 5 1
github.com/dangxnguyen/CSCE4600/builtins/history.go:37.21,40.3 2 3
github.com/dangxnguyen/CSCE4600/builtins/history.go:42.2,42.12 1 1
github.com/dangxnguyen/CSCE4600/builtins/pwd.go:8.36,10.16 2 1
github.com/dangxnguyen/CSCE4600/builtins/pwd.go:10.16,12.3 1 0
github.com/dangxnguyen/CSCE4600/builtins/pwd.go:13.2,14.12 2 1
github.com/dangxnguyen/CSCE4600/builtins/source.go:10.52,12.16 2 5
github.com/dangxnguyen/CSCE4600/builtins/source.go:12.16,14.3 1 1
github.com/dangxnguyen/CSCE4600/builtins/source.go:15.2,18.21 3 4
github.com/dangxnguyen/CSCE4600/builtins/source.go:18.21,21.20 3 4
github.com/dangxnguyen/CSCE4600/builtins/source.go:21.20,24.4 1 1
github.com/dangxnguyen/CSCE4600/builtins/source.go:25.3,25.27 1 4
github.com/dangxnguyen/CSCE4600/builtins/source.go:28.2,28.38 1 4
github.com/dangxnguyen/CSCE4600/builtins/source.go:28.38,30.3 1 0
github.com/dangxnguyen/CSCE4600/builtins/source.go:32.2,32.12 1 4
